# JRE version: OpenJDK Runtime Environment (8.0_91-b14) (build 1.8.0_91-8u91-b14-3ubuntu1~16.04.1-b14)
# Java VM: OpenJDK 64-Bit Server VM (25.91-b14 mixed mode linux-amd64 compressed oops)
Heap:
 def new generation   total 48256K, used 5311K [0x00000000e0000000, 0x00000000e3450000, 0x00000000eaaa0000)
  eden space 42944K,  12% used [0x00000000e0000000, 0x00000000e052ffe0, 0x00000000e29f0000)
  from space 5312K,   0% used [0x00000000e29f0000, 0x00000000e29f0000, 0x00000000e2f20000)
  to   space 5312K,   0% used [0x00000000e2f20000, 0x00000000e2f20000, 0x00000000e3450000)
 tenured generation   total 141372K, used 139553K [0x00000000eaaa0000, 0x00000000f34af000, 0x0000000100000000)
   the space 141372K,  98% used [0x00000000eaaa0000, 0x00000000f32e85d8, 0x00000000f32e8600, 0x00000000f34af000)
 Metaspace       used 3428K, capacity 4960K, committed 5120K, reserved 1056768K
  class space    used 374K, capacity 460K, committed 512K, reserved 1048576K
GC Heap History (10 events):
Event: 150.827 GC heap after
Heap after GC invocations=5 (full 1):
 def new generation   total 9600K, used 1023K [0x00000000e0000000, 0x00000000e0a60000, 0x00000000eaaa0000)
  eden space 8576K,   0% used [0x00000000e0000000, 0x00000000e0000000, 0x00000000e0860000)
  from space 1024K,  99% used [0x00000000e0960000, 0x00000000e0a5fff0, 0x00000000e0a60000)
  to   space 1024K,   0% used [0x00000000e0860000, 0x00000000e0860000, 0x00000000e0960000)
 tenured generation   total 21120K, used 20051K [0x00000000eaaa0000, 0x00000000ebf40000, 0x0000000100000000)
   the space 21120K,  94% used [0x00000000eaaa0000, 0x00000000ebe34c40, 0x00000000ebe34e00, 0x00000000ebf40000)
 Metaspace       used 3297K, capacity 4864K, committed 5120K, reserved 1056768K
  class space    used 350K, capacity 428K, committed 512K, reserved 1048576K
}
Event: 150.934 GC heap before
{Heap before GC invocations=5 (full 1):
 def new generation   total 9600K, used 9599K [0x00000000e0000000, 0x00000000e0a60000, 0x00000000eaaa0000)
  eden space 8576K, 100% used [0x00000000e0000000, 0x00000000e0860000, 0x00000000e0860000)
  from space 1024K,  99% used [0x00000000e0960000, 0x00000000e0a5fff0, 0x00000000e0a60000)
  to   space 1024K,   0% used [0x00000000e0860000, 0x00000000e0860000, 0x00000000e0960000)
 tenured generation   total 21120K, used 20051K [0x00000000eaaa0000, 0x00000000ebf40000, 0x0000000100000000)
   the space 21120K,  94% used [0x00000000eaaa0000, 0x00000000ebe34c40, 0x00000000ebe34e00, 0x00000000ebf40000)
 Metaspace       used 3297K, capacity 4864K, committed 5120K, reserved 1056768K
  class space    used 350K, capacity 428K, committed 512K, reserved 1048576K
Event: 150.983 GC heap after
Heap after GC invocations=6 (full 2):
 def new generation   total 21696K, used 849K [0x00000000e0000000, 0x00000000e1780000, 0x00000000eaaa0000)
  eden space 19328K,   4% used [0x00000000e0000000, 0x00000000e00d4520, 0x00000000e12e0000)
  from space 2368K,   0% used [0x00000000e12e0000, 0x00000000e12e0000, 0x00000000e1530000)
  to   space 2368K,   0% used [0x00000000e1530000, 0x00000000e1530000, 0x00000000e1780000)
 tenured generation   total 48000K, used 28800K [0x00000000eaaa0000, 0x00000000ed980000, 0x0000000100000000)
   the space 48000K,  60% used [0x00000000eaaa0000, 0x00000000ec6c0000, 0x00000000ec6c0000, 0x00000000ed980000)
 Metaspace       used 3297K, capacity 4864K, committed 5120K, reserved 1056768K
  class space    used 350K, capacity 428K, committed 512K, reserved 1048576K
}
Event: 151.232 GC heap before
{Heap before GC invocations=6 (full 2):
 def new generation   total 21696K, used 19328K [0x00000000e0000000, 0x00000000e1780000, 0x00000000eaaa0000)
  eden space 19328K, 100% used [0x00000000e0000000, 0x00000000e12e0000, 0x00000000e12e0000)
  from space 2368K,   0% used [0x00000000e12e0000, 0x00000000e12e0000, 0x00000000e1530000)
  to   space 2368K,   0% used [0x00000000e1530000, 0x00000000e1530000, 0x00000000e1780000)
 tenured generation   total 48000K, used 28800K [0x00000000eaaa0000, 0x00000000ed980000, 0x0000000100000000)
   the space 48000K,  60% used [0x00000000eaaa0000, 0x00000000ec6c0000, 0x00000000ec6c0000, 0x00000000ed980000)
 Metaspace       used 3297K, capacity 4864K, committed 5120K, reserved 1056768K
  class space    used 350K, capacity 428K, committed 512K, reserved 1048576K
Event: 151.282 GC heap after
Heap after GC invocations=7 (full 2):
 def new generation   total 21696K, used 2367K [0x00000000e0000000, 0x00000000e1780000, 0x00000000eaaa0000)
  eden space 19328K,   0% used [0x00000000e0000000, 0x00000000e0000000, 0x00000000e12e0000)
  from space 2368K,  99% used [0x00000000e1530000, 0x00000000e177fff8, 0x00000000e1780000)
  to   space 2368K,   0% used [0x00000000e12e0000, 0x00000000e12e0000, 0x00000000e1530000)
 tenured generation   total 48000K, used 45758K [0x00000000eaaa0000, 0x00000000ed980000, 0x0000000100000000)
   the space 48000K,  95% used [0x00000000eaaa0000, 0x00000000ed74fa38, 0x00000000ed74fc00, 0x00000000ed980000)
 Metaspace       used 3297K, capacity 4864K, committed 5120K, reserved 1056768K
  class space    used 350K, capacity 428K, committed 512K, reserved 1048576K
}
Event: 164.260 GC heap before
{Heap before GC invocations=7 (full 2):
 def new generation   total 21696K, used 21695K [0x00000000e0000000, 0x00000000e1780000, 0x00000000eaaa0000)
  eden space 19328K, 100% used [0x00000000e0000000, 0x00000000e12e0000, 0x00000000e12e0000)
  from space 2368K,  99% used [0x00000000e1530000, 0x00000000e177fff8, 0x00000000e1780000)
  to   space 2368K,   0% used [0x00000000e12e0000, 0x00000000e12e0000, 0x00000000e1530000)
 tenured generation   total 48000K, used 45758K [0x00000000eaaa0000, 0x00000000ed980000, 0x0000000100000000)
   the space 48000K,  95% used [0x00000000eaaa0000, 0x00000000ed74fa38, 0x00000000ed74fc00, 0x00000000ed980000)
 Metaspace       used 3426K, capacity 4960K, committed 5120K, reserved 1056768K
  class space    used 374K, capacity 460K, committed 512K, reserved 1048576K
Event: 164.402 GC heap after
Heap after GC invocations=8 (full 3):
 def new generation   total 48256K, used 2362K [0x00000000e0000000, 0x00000000e3450000, 0x00000000eaaa0000)
  eden space 42944K,   5% used [0x00000000e0000000, 0x00000000e024ea70, 0x00000000e29f0000)
  from space 5312K,   0% used [0x00000000e29f0000, 0x00000000e29f0000, 0x00000000e2f20000)
  to   space 5312K,   0% used [0x00000000e2f20000, 0x00000000e2f20000, 0x00000000e3450000)
 tenured generation   total 107004K, used 64200K [0x00000000eaaa0000, 0x00000000f131f000, 0x0000000100000000)
   the space 107004K,  59% used [0x00000000eaaa0000, 0x00000000ee9523c8, 0x00000000ee952400, 0x00000000f131f000)
 Metaspace       used 3426K, capacity 4960K, committed 5120K, reserved 1056768K
  class space    used 374K, capacity 460K, committed 512K, reserved 1048576K
}
Event: 177.180 GC heap before
{Heap before GC invocations=8 (full 3):
 def new generation   total 48256K, used 42944K [0x00000000e0000000, 0x00000000e3450000, 0x00000000eaaa0000)
  eden space 42944K, 100% used [0x00000000e0000000, 0x00000000e29f0000, 0x00000000e29f0000)
  from space 5312K,   0% used [0x00000000e29f0000, 0x00000000e29f0000, 0x00000000e2f20000)
  to   space 5312K,   0% used [0x00000000e2f20000, 0x00000000e2f20000, 0x00000000e3450000)
 tenured generation   total 107004K, used 64200K [0x00000000eaaa0000, 0x00000000f131f000, 0x0000000100000000)
   the space 107004K,  59% used [0x00000000eaaa0000, 0x00000000ee9523c8, 0x00000000ee952400, 0x00000000f131f000)
 Metaspace       used 3428K, capacity 4960K, committed 5120K, reserved 1056768K
  class space    used 374K, capacity 460K, committed 512K, reserved 1048576K
Event: 177.425 GC heap after
Heap after GC invocations=9 (full 3):
 def new generation   total 48256K, used 5311K [0x00000000e0000000, 0x00000000e3450000, 0x00000000eaaa0000)
  eden space 42944K,   0% used [0x00000000e0000000, 0x00000000e0000000, 0x00000000e29f0000)
  from space 5312K,  99% used [0x00000000e2f20000, 0x00000000e344fff0, 0x00000000e3450000)
  to   space 5312K,   0% used [0x00000000e29f0000, 0x00000000e29f0000, 0x00000000e2f20000)
 tenured generation   total 107004K, used 100333K [0x00000000eaaa0000, 0x00000000f131f000, 0x0000000100000000)
   the space 107004K,  93% used [0x00000000eaaa0000, 0x00000000f0c9b690, 0x00000000f0c9b800, 0x00000000f131f000)
 Metaspace       used 3428K, capacity 4960K, committed 5120K, reserved 1056768K
  class space    used 374K, capacity 460K, committed 512K, reserved 1048576K
}
Event: 177.825 GC heap before
{Heap before GC invocations=9 (full 3):
 def new generation   total 48256K, used 46913K [0x00000000e0000000, 0x00000000e3450000, 0x00000000eaaa0000)
  eden space 42944K,  96% used [0x00000000e0000000, 0x00000000e28a06e8, 0x00000000e29f0000)
  from space 5312K,  99% used [0x00000000e2f20000, 0x00000000e344fff0, 0x00000000e3450000)
  to   space 5312K,   0% used [0x00000000e29f0000, 0x00000000e29f0000, 0x00000000e2f20000)
 tenured generation   total 107004K, used 100333K [0x00000000eaaa0000, 0x00000000f131f000, 0x0000000100000000)
   the space 107004K,  93% used [0x00000000eaaa0000, 0x00000000f0c9b690, 0x00000000f0c9b800, 0x00000000f131f000)
 Metaspace       used 3428K, capacity 4960K, committed 5120K, reserved 1056768K
  class space    used 374K, capacity 460K, committed 512K, reserved 1048576K

